<?xml version="1.0" encoding="UTF-8"?>
<testng-results ignored="0" total="2" passed="2" failed="0" skipped="0">
  <reporter-output>
  </reporter-output>
  <suite started-at="2024-07-01T10:33:28 IST" name="Default suite" finished-at="2024-07-01T10:33:32 IST" duration-ms="4642">
    <groups>
    </groups>
    <test started-at="2024-07-01T10:33:28 IST" name="Default test" finished-at="2024-07-01T10:33:32 IST" duration-ms="4642">
      <class name="ApiAutomation.automation">
        <test-method signature="Create_GET()[pri:0, instance:ApiAutomation.automation@72e5a8e]" started-at="2024-07-01T10:33:28 IST" name="Create_GET" finished-at="2024-07-01T10:33:30 IST" duration-ms="2538" status="PASS">
          <reporter-output>
          </reporter-output>
        </test-method> <!-- Create_GET -->
        <test-method signature="Create_POST()[pri:0, instance:ApiAutomation.automation@72e5a8e]" started-at="2024-07-01T10:33:30 IST" name="Create_POST" finished-at="2024-07-01T10:33:32 IST" duration-ms="2066" status="PASS">
          <reporter-output>
          </reporter-output>
        </test-method> <!-- Create_POST -->
      </class> <!-- ApiAutomation.automation -->
    </test> <!-- Default test -->
  </suite> <!-- Default suite -->
</testng-results>
