<?xml version="1.0" encoding="UTF-8"?>
<testng-results ignored="0" total="2" passed="2" failed="0" skipped="0">
  <reporter-output>
  </reporter-output>
  <suite started-at="2024-07-01T16:31:41 IST" name="Suite" finished-at="2024-07-01T16:31:43 IST" duration-ms="1952">
    <groups>
    </groups>
    <test started-at="2024-07-01T16:31:41 IST" name="Test" finished-at="2024-07-01T16:31:43 IST" duration-ms="1952">
      <class name="ApiAutomation.postautomation">
        <test-method signature="Create_POST()[pri:0, instance:ApiAutomation.postautomation@70e9c95d]" started-at="2024-07-01T16:31:41 IST" name="Create_POST" finished-at="2024-07-01T16:31:43 IST" duration-ms="1718" status="PASS">
          <reporter-output>
          </reporter-output>
        </test-method> <!-- Create_POST -->
      </class> <!-- ApiAutomation.postautomation -->
      <class name="ApiAutomation.automation">
        <test-method signature="Create_GET()[pri:0, instance:ApiAutomation.automation@54e1c68b]" started-at="2024-07-01T16:31:41 IST" name="Create_GET" finished-at="2024-07-01T16:31:43 IST" duration-ms="1923" status="PASS">
          <reporter-output>
          </reporter-output>
        </test-method> <!-- Create_GET -->
      </class> <!-- ApiAutomation.automation -->
    </test> <!-- Test -->
  </suite> <!-- Suite -->
</testng-results>
